<?xml version="1.0" encoding="UTF-8"?>
<testng-results ignored="0" total="1" passed="1" failed="0" skipped="0">
  <reporter-output>
  </reporter-output>
  <suite started-at="2024-10-22T21:48:38 SGT" name="Suite" finished-at="2024-10-22T21:48:44 SGT" duration-ms="6157">
    <groups>
      <group name="sanity">
        <method signature="AccountCreationTest.accountRegiTest()[pri:0, instance:testCases.AccountCreationTest@30bcf3c1]" name="accountRegiTest" class="testCases.AccountCreationTest"/>
      </group> <!-- sanity -->
      <group name="master">
        <method signature="AccountCreationTest.accountRegiTest()[pri:0, instance:testCases.AccountCreationTest@30bcf3c1]" name="accountRegiTest" class="testCases.AccountCreationTest"/>
      </group> <!-- master -->
    </groups>
    <test started-at="2024-10-22T21:48:38 SGT" name="Test" finished-at="2024-10-22T21:48:44 SGT" duration-ms="6157">
      <class name="testCases.AccountCreationTest">
        <test-method is-config="true" signature="setup(java.lang.String,java.lang.String)[pri:0, instance:testCases.AccountCreationTest@30bcf3c1]" started-at="2024-10-22T21:48:38 SGT" name="setup" finished-at="2024-10-22T21:48:41 SGT" duration-ms="2354" status="PASS">
          <params>
            <param index="0">
              <value>
                <![CDATA[chrome]]>
              </value>
            </param>
            <param index="1">
              <value>
                <![CDATA[Windows]]>
              </value>
            </param>
          </params>
          <reporter-output>
          </reporter-output>
        </test-method> <!-- setup -->
        <test-method signature="accountRegiTest()[pri:0, instance:testCases.AccountCreationTest@30bcf3c1]" started-at="2024-10-22T21:48:41 SGT" name="accountRegiTest" finished-at="2024-10-22T21:48:44 SGT" duration-ms="3422" status="PASS">
          <reporter-output>
          </reporter-output>
        </test-method> <!-- accountRegiTest -->
        <test-method is-config="true" signature="tearDown()[pri:0, instance:testCases.AccountCreationTest@30bcf3c1]" started-at="2024-10-22T21:48:44 SGT" name="tearDown" finished-at="2024-10-22T21:48:44 SGT" duration-ms="147" status="PASS">
          <reporter-output>
          </reporter-output>
        </test-method> <!-- tearDown -->
      </class> <!-- testCases.AccountCreationTest -->
    </test> <!-- Test -->
  </suite> <!-- Suite -->
</testng-results>
